TN:
SF:controllers\accounts.controller.js
FN:7,getAllAccounts
FN:17,getAccountById
FN:33,createAccount
FN:59,updateAccount
FN:96,deleteAccount
FN:112,deposit
FN:146,withdraw
FNF:7
FNH:7
FNDA:2,getAllAccounts
FNDA:3,getAccountById
FNDA:3,createAccount
FNDA:3,updateAccount
FNDA:2,deleteAccount
FNDA:4,deposit
FNDA:4,withdraw
DA:1,1
DA:2,1
DA:3,1
DA:4,1
DA:5,1
DA:6,1
DA:7,1
DA:8,2
DA:9,2
DA:10,1
DA:11,1
DA:12,1
DA:13,1
DA:14,1
DA:15,2
DA:16,1
DA:17,1
DA:18,3
DA:19,3
DA:20,3
DA:21,3
DA:22,3
DA:23,3
DA:24,1
DA:25,1
DA:26,1
DA:27,1
DA:28,1
DA:29,1
DA:30,1
DA:31,3
DA:32,1
DA:33,1
DA:34,3
DA:35,3
DA:36,3
DA:37,3
DA:38,3
DA:39,1
DA:40,1
DA:41,1
DA:42,1
DA:43,2
DA:44,2
DA:45,2
DA:46,2
DA:47,2
DA:48,2
DA:49,2
DA:50,2
DA:51,2
DA:52,1
DA:53,1
DA:54,1
DA:55,1
DA:56,1
DA:57,3
DA:58,1
DA:59,1
DA:60,3
DA:61,3
DA:62,3
DA:63,3
DA:64,3
DA:65,3
DA:66,3
DA:67,3
DA:68,1
DA:69,1
DA:70,2
DA:71,2
DA:72,3
DA:73,3
DA:74,3
DA:75,3
DA:76,3
DA:77,3
DA:78,3
DA:79,3
DA:80,3
DA:81,1
DA:82,1
DA:83,1
DA:84,0
DA:85,0
DA:86,0
DA:87,0
DA:88,0
DA:89,1
DA:90,1
DA:91,1
DA:92,1
DA:93,1
DA:94,3
DA:95,1
DA:96,1
DA:97,2
DA:98,2
DA:99,2
DA:100,2
DA:101,2
DA:102,1
DA:103,1
DA:104,1
DA:105,1
DA:106,1
DA:107,1
DA:108,1
DA:109,1
DA:110,2
DA:111,1
DA:112,1
DA:113,4
DA:114,4
DA:115,4
DA:116,4
DA:117,4
DA:118,4
DA:119,1
DA:120,1
DA:121,3
DA:122,3
DA:123,3
DA:124,3
DA:125,4
DA:126,1
DA:127,1
DA:128,2
DA:129,2
DA:130,2
DA:131,2
DA:132,2
DA:133,2
DA:134,2
DA:135,1
DA:136,1
DA:137,1
DA:138,1
DA:139,1
DA:140,1
DA:141,1
DA:142,1
DA:143,1
DA:144,4
DA:145,1
DA:146,1
DA:147,4
DA:148,4
DA:149,4
DA:150,4
DA:151,4
DA:152,4
DA:153,0
DA:154,0
DA:155,4
DA:156,4
DA:157,4
DA:158,4
DA:159,4
DA:160,1
DA:161,1
DA:162,3
DA:163,4
DA:164,1
DA:165,1
DA:166,2
DA:167,2
DA:168,2
DA:169,2
DA:170,2
DA:171,2
DA:172,2
DA:173,1
DA:174,1
DA:175,1
DA:176,1
DA:177,1
DA:178,1
DA:179,1
DA:180,1
DA:181,1
DA:182,4
DA:183,1
DA:184,1
DA:185,1
LF:185
LH:178
BRDA:7,0,0,2
BRDA:9,1,0,1
BRDA:17,2,0,3
BRDA:22,3,0,2
BRDA:23,4,0,1
BRDA:33,5,0,3
BRDA:38,6,0,2
BRDA:38,7,0,2
BRDA:38,8,0,1
BRDA:42,9,0,2
BRDA:51,10,0,1
BRDA:59,11,0,3
BRDA:67,12,0,1
BRDA:69,13,0,2
BRDA:72,14,0,0
BRDA:73,15,0,0
BRDA:73,16,0,2
BRDA:74,17,0,0
BRDA:74,18,0,2
BRDA:80,19,0,1
BRDA:83,20,0,0
BRDA:96,21,0,2
BRDA:101,22,0,1
BRDA:112,23,0,4
BRDA:118,24,0,1
BRDA:120,25,0,3
BRDA:125,26,0,1
BRDA:127,27,0,2
BRDA:134,28,0,1
BRDA:146,29,0,4
BRDA:152,30,0,0
BRDA:159,31,0,1
BRDA:161,32,0,3
BRDA:163,33,0,1
BRDA:165,34,0,2
BRDA:172,35,0,1
BRF:36
BRH:31
end_of_record
TN:
SF:controllers\auth.controller.js
FN:7,register
FN:56,login
FN:99,getProfile
FNF:3
FNH:3
FNDA:3,register
FNDA:4,login
FNDA:4,getProfile
DA:1,1
DA:2,1
DA:3,1
DA:4,1
DA:5,1
DA:6,1
DA:7,1
DA:8,3
DA:9,3
DA:10,3
DA:11,3
DA:12,3
DA:13,1
DA:14,1
DA:15,1
DA:16,1
DA:17,2
DA:18,2
DA:19,2
DA:20,2
DA:21,2
DA:22,3
DA:23,1
DA:24,1
DA:25,1
DA:26,1
DA:27,1
DA:28,1
DA:29,1
DA:30,1
DA:31,1
DA:32,1
DA:33,1
DA:34,1
DA:35,1
DA:36,1
DA:37,1
DA:38,1
DA:39,1
DA:40,1
DA:41,1
DA:42,1
DA:43,1
DA:44,1
DA:45,1
DA:46,1
DA:47,1
DA:48,1
DA:49,1
DA:50,3
DA:51,0
DA:52,0
DA:53,0
DA:54,3
DA:55,1
DA:56,1
DA:57,4
DA:58,4
DA:59,4
DA:60,4
DA:61,4
DA:62,1
DA:63,1
DA:64,1
DA:65,1
DA:66,3
DA:67,3
DA:68,3
DA:69,3
DA:70,3
DA:71,4
DA:72,1
DA:73,1
DA:74,1
DA:75,1
DA:76,2
DA:77,2
DA:78,2
DA:79,4
DA:80,1
DA:81,1
DA:82,1
DA:83,1
DA:84,1
DA:85,1
DA:86,1
DA:87,1
DA:88,1
DA:89,1
DA:90,1
DA:91,1
DA:92,1
DA:93,4
DA:94,0
DA:95,0
DA:96,0
DA:97,4
DA:98,1
DA:99,1
DA:100,4
DA:101,4
DA:102,4
DA:103,4
DA:104,4
DA:105,1
DA:106,1
DA:107,3
DA:108,3
DA:109,3
DA:110,3
DA:111,3
DA:112,3
DA:113,3
DA:114,3
DA:115,3
DA:116,3
DA:117,3
DA:118,3
DA:119,2
DA:120,4
DA:121,1
DA:122,1
DA:123,1
DA:124,1
DA:125,1
DA:126,1
DA:127,1
DA:128,1
DA:129,1
DA:130,4
DA:131,1
DA:132,1
DA:133,1
LF:133
LH:127
BRDA:7,0,0,3
BRDA:12,1,0,2
BRDA:12,2,0,2
BRDA:12,3,0,1
BRDA:16,4,0,2
BRDA:22,5,0,1
BRDA:50,6,0,0
BRDA:56,7,0,4
BRDA:61,8,0,3
BRDA:61,9,0,1
BRDA:65,10,0,3
BRDA:71,11,0,1
BRDA:75,12,0,2
BRDA:79,13,0,1
BRDA:93,14,0,0
BRDA:99,15,0,4
BRDA:101,16,0,3
BRDA:104,17,0,1
BRDA:106,18,0,3
BRDA:118,19,0,2
BRDA:120,20,0,1
BRF:21
BRH:19
end_of_record
TN:
SF:controllers\authv2.controller.js
FN:9,register
FN:43,login
FN:67,resetPassword
FN:102,sendResetPasswordEmail
FNF:4
FNH:4
FNDA:4,register
FNDA:4,login
FNDA:3,resetPassword
FNDA:2,sendResetPasswordEmail
DA:1,1
DA:2,1
DA:3,1
DA:4,1
DA:5,1
DA:6,1
DA:7,1
DA:8,1
DA:9,1
DA:10,4
DA:11,4
DA:12,4
DA:13,4
DA:14,1
DA:15,1
DA:16,3
DA:17,3
DA:18,4
DA:19,1
DA:20,1
DA:21,1
DA:22,1
DA:23,1
DA:24,1
DA:25,1
DA:26,1
DA:27,1
DA:28,1
DA:29,1
DA:30,1
DA:31,1
DA:32,1
DA:33,1
DA:34,1
DA:35,1
DA:36,1
DA:37,1
DA:38,1
DA:39,1
DA:40,1
DA:41,4
DA:42,1
DA:43,1
DA:44,4
DA:45,4
DA:46,4
DA:47,4
DA:48,1
DA:49,1
DA:50,3
DA:51,3
DA:52,4
DA:53,1
DA:54,1
DA:55,1
DA:56,1
DA:57,1
DA:58,1
DA:59,1
DA:60,1
DA:61,1
DA:62,1
DA:63,1
DA:64,1
DA:65,4
DA:66,1
DA:67,1
DA:68,3
DA:69,3
DA:70,3
DA:71,3
DA:72,0
DA:73,0
DA:74,3
DA:75,3
DA:76,3
DA:77,1
DA:78,1
DA:79,2
DA:80,2
DA:81,2
DA:82,2
DA:83,2
DA:84,2
DA:85,1
DA:86,1
DA:87,1
DA:88,1
DA:89,1
DA:90,1
DA:91,1
DA:92,1
DA:93,1
DA:94,1
DA:95,1
DA:96,1
DA:97,1
DA:98,1
DA:99,3
DA:100,1
DA:101,1
DA:102,1
DA:103,2
DA:104,2
DA:105,2
DA:106,2
DA:107,0
DA:108,0
DA:109,2
DA:110,2
DA:111,2
DA:112,1
DA:113,1
DA:114,1
DA:115,1
DA:116,1
DA:117,1
DA:118,1
DA:119,1
DA:120,1
DA:121,1
DA:122,1
DA:123,1
DA:124,1
DA:125,1
DA:126,1
DA:127,1
DA:128,1
DA:129,1
DA:130,1
DA:131,1
DA:132,1
DA:133,1
DA:134,1
DA:135,1
DA:136,1
DA:137,1
DA:138,1
DA:139,1
DA:140,1
DA:141,1
DA:142,1
DA:143,1
DA:144,1
DA:145,0
DA:146,0
DA:147,0
DA:148,0
DA:149,0
DA:150,0
DA:151,0
DA:152,0
DA:153,0
DA:154,0
DA:155,2
DA:156,1
DA:157,1
DA:158,1
DA:159,1
DA:160,2
DA:161,1
DA:162,1
DA:163,1
DA:164,1
DA:165,1
DA:166,1
LF:166
LH:152
BRDA:9,0,0,4
BRDA:13,1,0,3
BRDA:13,2,0,3
BRDA:13,3,0,1
BRDA:15,4,0,3
BRDA:17,5,0,2
BRDA:18,6,0,1
BRDA:43,7,0,4
BRDA:47,8,0,3
BRDA:47,9,0,1
BRDA:49,10,0,3
BRDA:52,11,0,2
BRDA:52,12,0,1
BRDA:52,13,0,1
BRDA:67,14,0,3
BRDA:71,15,0,0
BRDA:76,16,0,1
BRDA:78,17,0,2
BRDA:84,18,0,1
BRDA:102,19,0,2
BRDA:106,20,0,0
BRDA:111,21,0,1
BRDA:144,22,0,0
BRDA:155,23,0,1
BRF:24
BRH:21
end_of_record
TN:
SF:controllers\images.controller.js
FN:8,getAllImages
FN:27,getImageById
FN:56,imagekitUpload
FN:108,updateImageById
FN:146,deleteImageById
FNF:5
FNH:5
FNDA:2,getAllImages
FNDA:3,getImageById
FNDA:3,imagekitUpload
FNDA:3,updateImageById
FNDA:3,deleteImageById
DA:1,1
DA:2,1
DA:3,1
DA:4,1
DA:5,1
DA:6,1
DA:7,1
DA:8,1
DA:9,2
DA:10,2
DA:11,2
DA:12,2
DA:13,1
DA:14,1
DA:15,1
DA:16,1
DA:17,1
DA:18,1
DA:19,1
DA:20,1
DA:21,1
DA:22,1
DA:23,1
DA:24,2
DA:25,1
DA:26,1
DA:27,1
DA:28,3
DA:29,3
DA:30,3
DA:31,3
DA:32,3
DA:33,3
DA:34,2
DA:35,3
DA:36,1
DA:37,1
DA:38,1
DA:39,1
DA:40,1
DA:41,1
DA:42,1
DA:43,1
DA:44,1
DA:45,1
DA:46,1
DA:47,1
DA:48,1
DA:49,1
DA:50,1
DA:51,1
DA:52,1
DA:53,3
DA:54,1
DA:55,1
DA:56,1
DA:57,3
DA:58,3
DA:59,3
DA:60,3
DA:61,3
DA:62,3
DA:63,3
DA:64,3
DA:65,1
DA:66,1
DA:67,1
DA:68,1
DA:69,1
DA:70,2
DA:71,2
DA:72,2
DA:73,2
DA:74,2
DA:75,2
DA:76,2
DA:77,1
DA:78,1
DA:79,1
DA:80,1
DA:81,1
DA:82,1
DA:83,1
DA:84,1
DA:85,1
DA:86,1
DA:87,1
DA:88,1
DA:89,1
DA:90,1
DA:91,1
DA:92,1
DA:93,1
DA:94,1
DA:95,1
DA:96,1
DA:97,1
DA:98,1
DA:99,1
DA:100,1
DA:101,1
DA:102,1
DA:103,1
DA:104,1
DA:105,3
DA:106,1
DA:107,1
DA:108,1
DA:109,3
DA:110,3
DA:111,3
DA:112,3
DA:113,3
DA:114,3
DA:115,3
DA:116,2
DA:117,3
DA:118,0
DA:119,0
DA:120,0
DA:121,0
DA:122,0
DA:123,2
DA:124,2
DA:125,2
DA:126,2
DA:127,3
DA:128,3
DA:129,3
DA:130,3
DA:131,1
DA:132,1
DA:133,1
DA:134,1
DA:135,1
DA:136,3
DA:137,2
DA:138,2
DA:139,2
DA:140,2
DA:141,2
DA:142,2
DA:143,3
DA:144,1
DA:145,1
DA:146,1
DA:147,3
DA:148,3
DA:149,3
DA:150,3
DA:151,3
DA:152,3
DA:153,3
DA:154,3
DA:155,1
DA:156,1
DA:157,1
DA:158,1
DA:159,1
DA:160,2
DA:161,2
DA:162,2
DA:163,2
DA:164,1
DA:165,1
DA:166,1
DA:167,1
DA:168,1
DA:169,1
DA:170,1
DA:171,1
DA:172,1
DA:173,1
DA:174,1
DA:175,1
DA:176,3
DA:177,1
DA:178,1
DA:179,1
DA:180,1
LF:180
LH:175
BRDA:8,0,0,2
BRDA:12,1,0,1
BRDA:27,2,0,3
BRDA:33,3,0,2
BRDA:35,4,0,1
BRDA:56,5,0,3
BRDA:64,6,0,1
BRDA:69,7,0,2
BRDA:76,8,0,1
BRDA:108,9,0,3
BRDA:115,10,0,2
BRDA:117,11,0,0
BRDA:122,12,0,2
BRDA:127,13,0,0
BRDA:128,14,0,2
BRDA:130,15,0,1
BRDA:136,16,0,2
BRDA:146,17,0,3
BRDA:154,18,0,1
BRDA:159,19,0,2
BRDA:163,20,0,1
BRF:21
BRH:19
end_of_record
TN:
SF:controllers\transactions.controller.js
FN:5,createTransaction
FN:29,getTransactionById
FN:48,getAllTransactions
FNF:3
FNH:3
FNDA:3,createTransaction
FNDA:3,getTransactionById
FNDA:2,getAllTransactions
DA:1,1
DA:2,1
DA:3,1
DA:4,1
DA:5,1
DA:6,3
DA:7,3
DA:8,3
DA:9,3
DA:10,3
DA:11,3
DA:12,1
DA:13,1
DA:14,2
DA:15,2
DA:16,2
DA:17,2
DA:18,2
DA:19,2
DA:20,2
DA:21,2
DA:22,1
DA:23,1
DA:24,1
DA:25,1
DA:26,1
DA:27,3
DA:28,1
DA:29,1
DA:30,3
DA:31,3
DA:32,3
DA:33,3
DA:34,3
DA:35,3
DA:36,3
DA:37,2
DA:38,3
DA:39,1
DA:40,1
DA:41,1
DA:42,1
DA:43,1
DA:44,1
DA:45,1
DA:46,3
DA:47,1
DA:48,1
DA:49,2
DA:50,2
DA:51,1
DA:52,1
DA:53,1
DA:54,1
DA:55,1
DA:56,2
DA:57,1
DA:58,1
DA:59,1
DA:60,1
DA:61,1
DA:62,1
DA:63,1
DA:64,1
DA:65,1
DA:66,1
DA:67,1
DA:68,1
DA:69,1
DA:70,1
DA:71,1
DA:72,1
DA:73,1
DA:74,1
DA:75,1
DA:76,1
DA:77,1
DA:78,1
DA:79,1
DA:80,1
DA:81,1
DA:82,1
DA:83,1
DA:84,1
DA:85,1
DA:86,1
DA:87,1
DA:88,1
DA:89,1
DA:90,1
DA:91,1
DA:92,1
DA:93,1
DA:94,1
DA:95,1
DA:96,1
DA:97,1
DA:98,1
DA:99,1
DA:100,1
DA:101,1
DA:102,1
DA:103,1
DA:104,1
DA:105,1
DA:106,1
DA:107,1
DA:108,1
DA:109,1
DA:110,1
DA:111,1
DA:112,1
DA:113,1
DA:114,1
DA:115,1
DA:116,1
DA:117,1
DA:118,1
DA:119,1
DA:120,1
DA:121,1
DA:122,1
DA:123,1
DA:124,1
DA:125,1
DA:126,1
DA:127,1
DA:128,1
DA:129,1
DA:130,1
DA:131,1
DA:132,1
DA:133,1
DA:134,1
DA:135,1
DA:136,1
DA:137,1
DA:138,1
DA:139,1
DA:140,1
DA:141,1
DA:142,1
DA:143,1
DA:144,1
DA:145,1
DA:146,1
DA:147,1
DA:148,1
DA:149,1
DA:150,1
DA:151,1
DA:152,1
DA:153,1
DA:154,1
DA:155,1
DA:156,1
DA:157,1
DA:158,1
DA:159,1
DA:160,1
LF:160
LH:160
BRDA:5,0,0,3
BRDA:11,1,0,2
BRDA:11,2,0,1
BRDA:13,3,0,2
BRDA:21,4,0,1
BRDA:29,5,0,3
BRDA:36,6,0,2
BRDA:38,7,0,1
BRDA:48,8,0,2
BRDA:50,9,0,1
BRF:10
BRH:10
end_of_record
TN:
SF:controllers\users.controller.js
FN:6,getAllUser
FN:19,getUserById
FN:38,createUserWithProfile
FN:73,updateUsersWithProfile
FN:116,deleteUsersById
FNF:5
FNH:5
FNDA:2,getAllUser
FNDA:3,getUserById
FNDA:3,createUserWithProfile
FNDA:3,updateUsersWithProfile
FNDA:3,deleteUsersById
DA:1,1
DA:2,1
DA:3,1
DA:4,1
DA:5,1
DA:6,1
DA:7,2
DA:8,2
DA:9,2
DA:10,2
DA:11,2
DA:12,1
DA:13,1
DA:14,1
DA:15,1
DA:16,1
DA:17,2
DA:18,1
DA:19,1
DA:20,3
DA:21,3
DA:22,3
DA:23,3
DA:24,3
DA:25,3
DA:26,2
DA:27,3
DA:28,1
DA:29,1
DA:30,1
DA:31,1
DA:32,1
DA:33,1
DA:34,1
DA:35,1
DA:36,3
DA:37,1
DA:38,1
DA:39,3
DA:40,3
DA:41,3
DA:42,3
DA:43,3
DA:44,3
DA:45,3
DA:46,1
DA:47,1
DA:48,1
DA:49,1
DA:50,2
DA:51,2
DA:52,2
DA:53,2
DA:54,2
DA:55,2
DA:56,2
DA:57,2
DA:58,2
DA:59,2
DA:60,2
DA:61,2
DA:62,2
DA:63,2
DA:64,2
DA:65,2
DA:66,1
DA:67,1
DA:68,1
DA:69,1
DA:70,1
DA:71,3
DA:72,1
DA:73,1
DA:74,3
DA:75,3
DA:76,3
DA:77,3
DA:78,3
DA:79,3
DA:80,3
DA:81,3
DA:82,3
DA:83,2
DA:84,3
DA:85,1
DA:86,1
DA:87,1
DA:88,1
DA:89,3
DA:90,3
DA:91,3
DA:92,3
DA:93,3
DA:94,3
DA:95,3
DA:96,3
DA:97,3
DA:98,3
DA:99,3
DA:100,3
DA:101,3
DA:102,3
DA:103,3
DA:104,3
DA:105,3
DA:106,3
DA:107,3
DA:108,1
DA:109,1
DA:110,1
DA:111,1
DA:112,1
DA:113,1
DA:114,3
DA:115,1
DA:116,1
DA:117,3
DA:118,3
DA:119,3
DA:120,3
DA:121,3
DA:122,3
DA:123,3
DA:124,3
DA:125,3
DA:126,1
DA:127,1
DA:128,2
DA:129,2
DA:130,2
DA:131,2
DA:132,1
DA:133,1
DA:134,1
DA:135,1
DA:136,1
DA:137,1
DA:138,1
DA:139,1
DA:140,1
DA:141,1
DA:142,3
DA:143,1
DA:144,1
DA:145,1
LF:145
LH:145
BRDA:6,0,0,2
BRDA:11,1,0,1
BRDA:19,2,0,3
BRDA:25,3,0,2
BRDA:27,4,0,1
BRDA:38,5,0,3
BRDA:45,6,0,2
BRDA:45,7,0,2
BRDA:45,8,0,1
BRDA:49,9,0,2
BRDA:65,10,0,1
BRDA:73,11,0,3
BRDA:82,12,0,2
BRDA:84,13,0,1
BRDA:89,14,0,0
BRDA:90,15,0,0
BRDA:91,16,0,1
BRDA:94,17,0,1
BRDA:95,18,0,1
BRDA:96,19,0,1
BRDA:107,20,0,1
BRDA:116,21,0,3
BRDA:125,22,0,1
BRDA:127,23,0,2
BRDA:131,24,0,1
BRF:25
BRH:23
end_of_record
