TN:
SF:controllers\accounts.controller.js
FN:6,getAllAccounts
FN:15,getAccountById
FN:32,createAccount
FN:58,updateAccount
FN:95,deleteAccount
FN:110,deposit
FN:145,withdraw
FNF:7
FNH:7
FNDA:2,getAllAccounts
FNDA:3,getAccountById
FNDA:3,createAccount
FNDA:3,updateAccount
FNDA:2,deleteAccount
FNDA:3,deposit
FNDA:4,withdraw
DA:1,1
DA:2,1
DA:3,1
DA:4,1
DA:5,1
DA:6,1
DA:7,2
DA:8,2
DA:9,1
DA:10,1
DA:11,1
DA:12,1
DA:13,2
DA:14,1
DA:15,1
DA:16,3
DA:17,3
DA:18,3
DA:19,3
DA:20,3
DA:21,3
DA:22,3
DA:23,3
DA:24,1
DA:25,1
DA:26,1
DA:27,1
DA:28,1
DA:29,1
DA:30,3
DA:31,1
DA:32,1
DA:33,3
DA:34,3
DA:35,3
DA:36,3
DA:37,3
DA:38,3
DA:39,1
DA:40,1
DA:41,1
DA:42,1
DA:43,2
DA:44,2
DA:45,2
DA:46,2
DA:47,2
DA:48,2
DA:49,2
DA:50,2
DA:51,2
DA:52,1
DA:53,1
DA:54,1
DA:55,1
DA:56,3
DA:57,1
DA:58,1
DA:59,3
DA:60,3
DA:61,3
DA:62,3
DA:63,3
DA:64,3
DA:65,3
DA:66,3
DA:67,3
DA:68,2
DA:69,2
DA:70,1
DA:71,1
DA:72,3
DA:73,3
DA:74,3
DA:75,3
DA:76,3
DA:77,3
DA:78,3
DA:79,3
DA:80,3
DA:81,1
DA:82,3
DA:83,0
DA:84,0
DA:85,0
DA:86,0
DA:87,0
DA:88,0
DA:89,0
DA:90,0
DA:91,0
DA:92,0
DA:93,3
DA:94,1
DA:95,1
DA:96,2
DA:97,2
DA:98,2
DA:99,2
DA:100,2
DA:101,1
DA:102,1
DA:103,1
DA:104,1
DA:105,1
DA:106,1
DA:107,1
DA:108,2
DA:109,1
DA:110,1
DA:111,3
DA:112,3
DA:113,3
DA:114,3
DA:115,3
DA:116,3
DA:117,1
DA:118,1
DA:119,2
DA:120,2
DA:121,2
DA:122,2
DA:123,2
DA:124,3
DA:125,0
DA:126,0
DA:127,2
DA:128,2
DA:129,2
DA:130,2
DA:131,2
DA:132,2
DA:133,2
DA:134,2
DA:135,1
DA:136,1
DA:137,1
DA:138,1
DA:139,1
DA:140,1
DA:141,1
DA:142,1
DA:143,3
DA:144,1
DA:145,1
DA:146,4
DA:147,4
DA:148,4
DA:149,4
DA:150,4
DA:151,4
DA:152,1
DA:153,1
DA:154,3
DA:155,3
DA:156,3
DA:157,3
DA:158,3
DA:159,4
DA:160,0
DA:161,0
DA:162,3
DA:163,3
DA:164,4
DA:165,1
DA:166,1
DA:167,2
DA:168,2
DA:169,2
DA:170,2
DA:171,2
DA:172,2
DA:173,2
DA:174,2
DA:175,1
DA:176,1
DA:177,1
DA:178,1
DA:179,1
DA:180,1
DA:181,1
DA:182,1
DA:183,4
DA:184,1
DA:185,1
DA:186,1
DA:187,1
DA:188,1
LF:188
LH:174
BRDA:6,0,0,2
BRDA:8,1,0,1
BRDA:15,2,0,3
BRDA:22,3,0,2
BRDA:23,4,0,1
BRDA:32,5,0,3
BRDA:38,6,0,2
BRDA:38,7,0,2
BRDA:38,8,0,2
BRDA:38,9,0,1
BRDA:42,10,0,2
BRDA:51,11,0,1
BRDA:58,12,0,3
BRDA:67,13,0,2
BRDA:69,14,0,1
BRDA:73,15,0,1
BRDA:74,16,0,0
BRDA:80,17,0,1
BRDA:82,18,0,0
BRDA:95,19,0,2
BRDA:100,20,0,1
BRDA:110,21,0,3
BRDA:116,22,0,2
BRDA:116,23,0,1
BRDA:118,24,0,2
BRDA:124,25,0,0
BRDA:126,26,0,2
BRDA:134,27,0,1
BRDA:145,28,0,4
BRDA:151,29,0,3
BRDA:151,30,0,1
BRDA:153,31,0,3
BRDA:159,32,0,0
BRDA:161,33,0,3
BRDA:164,34,0,1
BRDA:166,35,0,2
BRDA:174,36,0,1
BRF:37
BRH:33
end_of_record
TN:
SF:controllers\transactions.controller.js
FN:5,createTransaction
FN:28,getTransactionById
FN:46,getAllTransactions
FNF:3
FNH:3
FNDA:3,createTransaction
FNDA:3,getTransactionById
FNDA:2,getAllTransactions
DA:1,1
DA:2,1
DA:3,1
DA:4,1
DA:5,1
DA:6,3
DA:7,3
DA:8,3
DA:9,3
DA:10,3
DA:11,3
DA:12,1
DA:13,1
DA:14,2
DA:15,2
DA:16,2
DA:17,2
DA:18,2
DA:19,2
DA:20,2
DA:21,2
DA:22,1
DA:23,1
DA:24,1
DA:25,1
DA:26,3
DA:27,1
DA:28,1
DA:29,3
DA:30,3
DA:31,3
DA:32,3
DA:33,3
DA:34,3
DA:35,3
DA:36,2
DA:37,3
DA:38,1
DA:39,1
DA:40,1
DA:41,1
DA:42,1
DA:43,1
DA:44,3
DA:45,1
DA:46,1
DA:47,2
DA:48,2
DA:49,1
DA:50,1
DA:51,1
DA:52,1
DA:53,2
DA:54,1
DA:55,1
DA:56,1
DA:57,1
DA:58,1
DA:59,1
DA:60,1
DA:61,1
DA:62,1
DA:63,1
DA:64,1
DA:65,1
DA:66,1
DA:67,1
DA:68,1
DA:69,1
DA:70,1
DA:71,1
DA:72,1
DA:73,1
DA:74,1
DA:75,1
DA:76,1
DA:77,1
DA:78,1
DA:79,1
DA:80,1
DA:81,1
DA:82,1
DA:83,1
DA:84,1
DA:85,1
DA:86,1
DA:87,1
DA:88,1
DA:89,1
DA:90,1
DA:91,1
DA:92,1
DA:93,1
DA:94,1
DA:95,1
DA:96,1
DA:97,1
DA:98,1
DA:99,1
DA:100,1
DA:101,1
DA:102,1
DA:103,1
DA:104,1
DA:105,1
DA:106,1
DA:107,1
DA:108,1
DA:109,1
DA:110,1
DA:111,1
DA:112,1
DA:113,1
DA:114,1
DA:115,1
DA:116,1
DA:117,1
DA:118,1
DA:119,1
DA:120,1
DA:121,1
DA:122,1
DA:123,1
DA:124,1
DA:125,1
DA:126,1
DA:127,1
DA:128,1
DA:129,1
DA:130,1
DA:131,1
DA:132,1
DA:133,1
DA:134,1
DA:135,1
DA:136,1
DA:137,1
DA:138,1
DA:139,1
DA:140,1
DA:141,1
DA:142,1
DA:143,1
DA:144,1
DA:145,1
DA:146,1
DA:147,1
DA:148,1
DA:149,1
DA:150,1
DA:151,1
DA:152,1
DA:153,1
DA:154,1
DA:155,1
DA:156,1
DA:157,1
DA:158,1
LF:158
LH:158
BRDA:5,0,0,3
BRDA:11,1,0,2
BRDA:11,2,0,1
BRDA:13,3,0,2
BRDA:21,4,0,1
BRDA:28,5,0,3
BRDA:35,6,0,2
BRDA:37,7,0,1
BRDA:46,8,0,2
BRDA:48,9,0,1
BRF:10
BRH:10
end_of_record
TN:
SF:controllers\users.controller.js
FN:5,getAllUser
FN:16,getUserById
FN:34,createUserWithProfile
FN:68,updateUsersWithProfile
FN:110,deleteUsersById
FNF:5
FNH:5
FNDA:2,getAllUser
FNDA:3,getUserById
FNDA:2,createUserWithProfile
FNDA:2,updateUsersWithProfile
FNDA:3,deleteUsersById
DA:1,1
DA:2,1
DA:3,1
DA:4,1
DA:5,1
DA:6,2
DA:7,2
DA:8,2
DA:9,2
DA:10,1
DA:11,1
DA:12,1
DA:13,1
DA:14,2
DA:15,1
DA:16,1
DA:17,3
DA:18,3
DA:19,3
DA:20,3
DA:21,3
DA:22,3
DA:23,2
DA:24,3
DA:25,1
DA:26,1
DA:27,1
DA:28,1
DA:29,1
DA:30,1
DA:31,1
DA:32,3
DA:33,1
DA:34,1
DA:35,2
DA:36,2
DA:37,2
DA:38,2
DA:39,2
DA:40,2
DA:41,2
DA:42,1
DA:43,1
DA:44,1
DA:45,1
DA:46,1
DA:47,1
DA:48,1
DA:49,1
DA:50,1
DA:51,1
DA:52,1
DA:53,1
DA:54,1
DA:55,1
DA:56,1
DA:57,1
DA:58,1
DA:59,1
DA:60,1
DA:61,1
DA:62,1
DA:63,2
DA:64,0
DA:65,0
DA:66,2
DA:67,1
DA:68,1
DA:69,2
DA:70,2
DA:71,2
DA:72,2
DA:73,2
DA:74,2
DA:75,2
DA:76,2
DA:77,2
DA:78,2
DA:79,2
DA:80,1
DA:81,1
DA:82,1
DA:83,1
DA:84,2
DA:85,2
DA:86,2
DA:87,2
DA:88,2
DA:89,2
DA:90,2
DA:91,2
DA:92,2
DA:93,2
DA:94,2
DA:95,2
DA:96,2
DA:97,2
DA:98,2
DA:99,2
DA:100,2
DA:101,2
DA:102,2
DA:103,1
DA:104,1
DA:105,2
DA:106,0
DA:107,0
DA:108,2
DA:109,1
DA:110,1
DA:111,3
DA:112,3
DA:113,3
DA:114,3
DA:115,3
DA:116,3
DA:117,3
DA:118,3
DA:119,3
DA:120,1
DA:121,1
DA:122,2
DA:123,2
DA:124,2
DA:125,2
DA:126,1
DA:127,1
DA:128,1
DA:129,1
DA:130,1
DA:131,1
DA:132,1
DA:133,1
DA:134,1
DA:135,3
DA:136,1
DA:137,1
DA:138,1
LF:138
LH:134
BRDA:5,0,0,2
BRDA:9,1,0,1
BRDA:16,2,0,3
BRDA:22,3,0,2
BRDA:24,4,0,1
BRDA:34,5,0,2
BRDA:41,6,0,1
BRDA:41,7,0,1
BRDA:41,8,0,1
BRDA:63,9,0,0
BRDA:68,10,0,2
BRDA:79,11,0,1
BRDA:84,12,0,0
BRDA:85,13,0,1
BRDA:86,14,0,1
BRDA:89,15,0,1
BRDA:90,16,0,1
BRDA:91,17,0,1
BRDA:102,18,0,1
BRDA:105,19,0,0
BRDA:110,20,0,3
BRDA:119,21,0,1
BRDA:121,22,0,2
BRDA:125,23,0,1
BRF:24
BRH:21
end_of_record
